<?xml version="1.0" encoding="UTF-8"?>
<!-- Generated by org.testng.reporters.JUnitXMLReporter -->
<testsuite ignored="0" hostname="LIN-DNLYV64" failures="1" tests="1" name="Surefire test" time="7.294" errors="0" timestamp="2025-08-02T22:11:00 IST">
  <testcase classname="io.cucumber.testng.AbstractTestNGCucumberTests" name="runScenario" time="6.126">
    <failure type="java.lang.AssertionError" message="expected [Incorrect email or password.] but found [Incorrect email or password]">
      <![CDATA[java.lang.AssertionError: expected [Incorrect email or password.] but found [Incorrect email or password]
at rahulshettyacademy.stepdefinations.StepDefiniationImpl.error_message_is_displayed(StepDefiniationImpl.java:68)
at âœ½."Incorrect email or password" message is displayed(file:///C:/Eclipse/SeleniumJavaWS/SeleniumFrameworkDesign/src/test/java/cucumber/ErrorValidation.feature:7)
... Removed 6 stack frames]]>
    </failure>
  </testcase> <!-- runScenario -->
</testsuite> <!-- Surefire test -->
