<?xml version="1.0" encoding="UTF-8"?>
<!-- Generated by org.testng.reporters.JUnitReportReporter -->
<testsuite hostname="LIN-DNLYV64" failures="1" tests="1" name="cucumber.TestngTextRunner" time="6.126" errors="0" timestamp="2025-08-02T22:11:00 IST" skipped="0">
  <testcase classname="cucumber.TestngTextRunner" name="runScenario" time="6.126">
    <failure message="expected [Incorrect email or password.] but found [Incorrect email or password]" type="java.lang.AssertionError">
      <![CDATA[java.lang.AssertionError: expected [Incorrect email or password.] but found [Incorrect email or password]
at org.testng.Assert.fail(Assert.java:111)
at org.testng.Assert.failNotEquals(Assert.java:1590)
at org.testng.Assert.assertEqualsImpl(Assert.java:150)
at org.testng.Assert.assertEquals(Assert.java:132)
at org.testng.Assert.assertEquals(Assert.java:656)
at org.testng.Assert.assertEquals(Assert.java:666)
at rahulshettyacademy.stepdefinations.StepDefiniationImpl.error_message_is_displayed(StepDefiniationImpl.java:68)
at âœ½."Incorrect email or password" message is displayed(file:///C:/Eclipse/SeleniumJavaWS/SeleniumFrameworkDesign/src/test/java/cucumber/ErrorValidation.feature:7)
]]>
    </failure>
  </testcase> <!-- runScenario -->
</testsuite> <!-- cucumber.TestngTextRunner -->
